{
"contracts\\ERC20TokenTest.sol":{"l":{"11":3,"15":1,"19":1},"path":"C:\\Users\\varch\\Desktop\\Rapid Innovation\\Learning-Materials\\blockchain-learning\\blockchain-learning\\contracts\\ERC20TokenTest.sol","s":{"1":3,"2":1,"3":1},"b":{},"f":{"1":3,"2":1,"3":1},"fnMap":{"1":{"name":"constructor","line":10,"loc":{"start":{"line":10,"column":4},"end":{"line":12,"column":4}}},"2":{"name":"testMint","line":14,"loc":{"start":{"line":14,"column":4},"end":{"line":16,"column":4}}},"3":{"name":"testBurn","line":18,"loc":{"start":{"line":18,"column":4},"end":{"line":20,"column":4}}}},"statementMap":{"1":{"start":{"line":11,"column":8},"end":{"line":11,"column":28}},"2":{"start":{"line":15,"column":8},"end":{"line":15,"column":32}},"3":{"start":{"line":19,"column":8},"end":{"line":19,"column":32}}},"branchMap":{}},
"contracts\\PieToken.sol":{"l":{"11":2,"12":1,"16":2,"17":1},"path":"C:\\Users\\varch\\Desktop\\Rapid Innovation\\Learning-Materials\\blockchain-learning\\blockchain-learning\\contracts\\PieToken.sol","s":{"1":2,"2":1,"3":2,"4":1},"b":{"1":[1,1],"2":[1,1]},"f":{"1":3,"2":2,"3":2},"fnMap":{"1":{"name":"constructor","line":8,"loc":{"start":{"line":8,"column":4},"end":{"line":8,"column":45}}},"2":{"name":"mint","line":10,"loc":{"start":{"line":10,"column":4},"end":{"line":13,"column":4}}},"3":{"name":"burn","line":15,"loc":{"start":{"line":15,"column":4},"end":{"line":18,"column":4}}}},"statementMap":{"1":{"start":{"line":11,"column":8},"end":{"line":11,"column":76}},"2":{"start":{"line":12,"column":8},"end":{"line":12,"column":24}},"3":{"start":{"line":16,"column":8},"end":{"line":16,"column":76}},"4":{"start":{"line":17,"column":8},"end":{"line":17,"column":29}}},"branchMap":{"1":{"line":11,"type":"if","locations":[{"start":{"line":11,"column":8},"end":{"line":11,"column":8}},{"start":{"line":11,"column":8},"end":{"line":11,"column":8}}]},"2":{"line":16,"type":"if","locations":[{"start":{"line":16,"column":8},"end":{"line":16,"column":8}},{"start":{"line":16,"column":8},"end":{"line":16,"column":8}}]}}}}
