TN:
SF:C:\Users\varch\Desktop\Rapid Innovation\Learning-Materials\blockchain-learning\blockchain-learning\contracts\ERC20TokenTest.sol
FN:10,constructor
FN:14,testMint
FN:18,testBurn
FNF:3
FNH:3
FNDA:3,constructor
FNDA:1,testMint
FNDA:1,testBurn
DA:11,3
DA:15,1
DA:19,1
LF:3
LH:3
BRF:0
BRH:0
end_of_record
TN:
SF:C:\Users\varch\Desktop\Rapid Innovation\Learning-Materials\blockchain-learning\blockchain-learning\contracts\PieToken.sol
FN:8,constructor
FN:10,mint
FN:15,burn
FNF:3
FNH:3
FNDA:3,constructor
FNDA:2,mint
FNDA:2,burn
DA:11,2
DA:12,1
DA:16,2
DA:17,1
LF:4
LH:4
BRDA:11,1,0,1
BRDA:11,1,1,1
BRDA:16,2,0,1
BRDA:16,2,1,1
BRF:4
BRH:4
end_of_record
